Info: Starting: Create block symbol file (.bsf)
Info: ip-generate --project-directory=C:/Users/ME-PC/Desktop/systemOnChip/v1/ --output-directory=C:/Users/ME-PC/Desktop/systemOnChip/v1/v1/ --report-file=bsf:C:/Users/ME-PC/Desktop/systemOnChip/v1/v1.bsf --system-info=DEVICE_FAMILY="Cyclone IV E" --system-info=DEVICE=EP4CE22F17C6 --system-info=DEVICE_SPEEDGRADE=6 --component-file=C:/Users/ME-PC/Desktop/systemOnChip/v1/v1.qsys
Progress: Loading v1/v1.qsys
Progress: Reading input file
Progress: Adding clk_0 [clock_source 13.1]
Progress: Parameterizing module clk_0
Progress: Adding CPU [altera_nios2_qsys 13.1]
Progress: Parameterizing module CPU
Progress: Adding MEMOIRE [altera_avalon_onchip_memory2 13.1]
Progress: Parameterizing module MEMOIRE
Progress: Adding SW [altera_avalon_pio 13.1]
Progress: Parameterizing module SW
Progress: Adding LED [altera_avalon_pio 13.1]
Progress: Parameterizing module LED
Progress: Adding JTAG [altera_avalon_jtag_uart 13.1]
Progress: Parameterizing module JTAG
Progress: Adding SDRAM [altera_avalon_new_sdram_controller 13.1]
Progress: Parameterizing module SDRAM
Progress: Adding clocks [altera_up_clocks 13.0]
Progress: Parameterizing module clocks
Progress: Adding pwm_motor_0 [pwm_motor 1.0]
Progress: Parameterizing module pwm_motor_0
Progress: Adding ground_sensor_controller_0 [ground_sensor_controller 1.0]
Progress: Parameterizing module ground_sensor_controller_0
Progress: Building connections
Progress: Parameterizing connections
Progress: Validating
Progress: Done reading input file
Info: v1.SW: PIO inputs are not hardwired in test bench. Undefined values will be read from PIO inputs during simulation.
Info: ip-generate succeeded.
Info: Stopping: Create block symbol file (.bsf)
