Info: Starting: Create simulation model
Info: ip-generate --project-directory=C:/Users/secours/Desktop/tpFpga/tpFpga/v1/ --output-directory=C:/Users/secours/Desktop/tpFpga/tpFpga/v1/v1/simulation/ --file-set=SIM_VHDL --report-file=sopcinfo:C:/Users/secours/Desktop/tpFpga/tpFpga/v1/v1.sopcinfo --report-file=html:C:/Users/secours/Desktop/tpFpga/tpFpga/v1/v1.html --report-file=sip:C:/Users/secours/Desktop/tpFpga/tpFpga/v1/v1/simulation/v1.sip --report-file=csv:C:/Users/secours/Desktop/tpFpga/tpFpga/v1/v1.csv --report-file=spd:C:/Users/secours/Desktop/tpFpga/tpFpga/v1/v1.spd --report-file=cmp:C:/Users/secours/Desktop/tpFpga/tpFpga/v1/v1.cmp --system-info=DEVICE_FAMILY="Cyclone IV E" --system-info=DEVICE=EP4CE22F17C6 --system-info=DEVICE_SPEEDGRADE=6 --component-file=C:/Users/secours/Desktop/tpFpga/tpFpga/v1/v1.qsys
Progress: Loading v1/v1.qsys
Progress: Reading input file
Progress: Adding clk_0 [clock_source 13.0]
Progress: Parameterizing module clk_0
Progress: Adding CPU [altera_nios2_qsys 13.0]
Progress: Parameterizing module CPU
Progress: Adding MEMOIRE [altera_avalon_onchip_memory2 13.0.1.99.2]
Progress: Parameterizing module MEMOIRE
Progress: Adding SW [altera_avalon_pio 13.0.1.99.2]
Progress: Parameterizing module SW
Progress: Adding LED [altera_avalon_pio 13.0.1.99.2]
Progress: Parameterizing module LED
Progress: Adding JTAG [altera_avalon_jtag_uart 13.0.1.99.2]
Progress: Parameterizing module JTAG
Progress: Adding SDRAM [altera_avalon_new_sdram_controller 13.0.1.99.2]
Progress: Parameterizing module SDRAM
Progress: Adding clocks [altera_up_clocks 13.0]
Progress: Parameterizing module clocks
Progress: Building connections
Progress: Parameterizing connections
Progress: Validating
Progress: Done reading input file
Info: v1.SW: PIO inputs are not hardwired in test bench. Undefined values will be read from PIO inputs during simulation.
Info: v1: Generating v1 "v1" for SIM_VHDL
Info: pipeline_bridge_swap_transform: After transform: 8 modules, 31 connections
Info: No custom instruction connections, skipping transform 
Info: merlin_translator_transform: After transform: 16 modules, 63 connections
Info: merlin_domain_transform: After transform: 32 modules, 166 connections
Info: merlin_router_transform: After transform: 40 modules, 198 connections
Info: merlin_burst_transform: After transform: 41 modules, 202 connections
Info: reset_adaptation_transform: After transform: 43 modules, 161 connections
Info: merlin_network_to_switch_transform: After transform: 58 modules, 195 connections
Info: merlin_width_transform: After transform: 60 modules, 201 connections
Info: merlin_mm_transform: After transform: 60 modules, 201 connections
Info: merlin_interrupt_mapper_transform: After transform: 61 modules, 204 connections
Warning: v1: "No matching role found for rst_controller:reset_out:reset_req (reset_req)"
Warning: v1: "No matching role found for rst_controller:reset_out:reset_req (reset_req)"
Warning: v1: "No matching role found for rst_controller:reset_out:reset_req (reset_req)"
Warning: v1: "No matching role found for rst_controller:reset_out:reset_req (reset_req)"
Warning: v1: "No matching role found for rst_controller:reset_out:reset_req (reset_req)"
Warning: v1: "No matching role found for rst_controller:reset_out:reset_req (reset_req)"
Warning: v1: "No matching role found for rst_controller:reset_out:reset_req (reset_req)"
Warning: v1: "No matching role found for rst_controller:reset_out:reset_req (reset_req)"
Warning: v1: "No matching role found for rst_controller:reset_out:reset_req (reset_req)"
Warning: v1: "No matching role found for rst_controller:reset_out:reset_req (reset_req)"
Warning: v1: "No matching role found for rst_controller:reset_out:reset_req (reset_req)"
Warning: v1: "No matching role found for rst_controller:reset_out:reset_req (reset_req)"
Warning: v1: "No matching role found for rst_controller:reset_out:reset_req (reset_req)"
Warning: v1: "No matching role found for rst_controller:reset_out:reset_req (reset_req)"
Warning: v1: "No matching role found for rst_controller:reset_out:reset_req (reset_req)"
Warning: v1: "No matching role found for rst_controller:reset_out:reset_req (reset_req)"
Warning: v1: "No matching role found for rst_controller:reset_out:reset_req (reset_req)"
Warning: v1: "No matching role found for rst_controller:reset_out:reset_req (reset_req)"
Warning: v1: "No matching role found for rst_controller:reset_out:reset_req (reset_req)"
Warning: v1: "No matching role found for rst_controller:reset_out:reset_req (reset_req)"
Warning: v1: "No matching role found for rst_controller:reset_out:reset_req (reset_req)"
Warning: v1: "No matching role found for rst_controller:reset_out:reset_req (reset_req)"
Warning: v1: "No matching role found for rst_controller:reset_out:reset_req (reset_req)"
Warning: v1: "No matching role found for rst_controller:reset_out:reset_req (reset_req)"
Warning: v1: "No matching role found for rst_controller:reset_out:reset_req (reset_req)"
Warning: v1: "No matching role found for rst_controller:reset_out:reset_req (reset_req)"
Warning: v1: "No matching role found for rst_controller:reset_out:reset_req (reset_req)"
Warning: v1: "No matching role found for rst_controller:reset_out:reset_req (reset_req)"
Warning: v1: "No matching role found for rst_controller:reset_out:reset_req (reset_req)"
Warning: v1: "No matching role found for rst_controller:reset_out:reset_req (reset_req)"
Warning: v1: "No matching role found for rst_controller:reset_out:reset_req (reset_req)"
Warning: v1: "No matching role found for rst_controller:reset_out:reset_req (reset_req)"
Warning: v1: "No matching role found for rst_controller:reset_out:reset_req (reset_req)"
Warning: v1: "No matching role found for rst_controller:reset_out:reset_req (reset_req)"
Warning: v1: "No matching role found for rst_controller:reset_out:reset_req (reset_req)"
Warning: v1: "No matching role found for rst_controller:reset_out:reset_req (reset_req)"
Warning: v1: "No matching role found for rst_controller:reset_out:reset_req (reset_req)"
Warning: v1: "No matching role found for rst_controller:reset_out:reset_req (reset_req)"
Warning: v1: "No matching role found for rst_controller:reset_out:reset_req (reset_req)"
Warning: v1: "No matching role found for rst_controller:reset_out:reset_req (reset_req)"
Warning: v1: "No matching role found for rst_controller:reset_out:reset_req (reset_req)"
Warning: v1: "No matching role found for rst_controller:reset_out:reset_req (reset_req)"
Warning: v1: "No matching role found for rst_controller:reset_out:reset_req (reset_req)"
Warning: v1: "No matching role found for rst_controller:reset_out:reset_req (reset_req)"
Warning: v1: "No matching role found for rst_controller:reset_out:reset_req (reset_req)"
Warning: v1: "No matching role found for rst_controller:reset_out:reset_req (reset_req)"
Warning: v1: "No matching role found for rst_controller:reset_out:reset_req (reset_req)"
Warning: v1: "No matching role found for rst_controller:reset_out:reset_req (reset_req)"
Warning: v1: "No matching role found for rst_controller:reset_out:reset_req (reset_req)"
Warning: v1: "No matching role found for rst_controller:reset_out:reset_req (reset_req)"
Warning: v1: "No matching role found for rst_controller:reset_out:reset_req (reset_req)"
Warning: v1: "No matching role found for rst_controller:reset_out:reset_req (reset_req)"
Warning: v1: "No matching role found for rst_controller:reset_out:reset_req (reset_req)"
Warning: v1: "No matching role found for rst_controller:reset_out:reset_req (reset_req)"
Warning: v1: "No matching role found for rst_controller:reset_out:reset_req (reset_req)"
Warning: v1: "No matching role found for rst_controller:reset_out:reset_req (reset_req)"
Info: CPU: Starting RTL generation for module 'v1_CPU'
Info: CPU:   Generation command is [exec C:/altera/13.0sp1/quartus/../ip/altera/nios2_ip/altera_nios2/eperl.exe -I C:/altera/13.0sp1/quartus/common/ip/altera/common/perl/5.8.3 -I C:/altera/13.0sp1/quartus/sopc_builder/bin/europa -I C:/altera/13.0sp1/quartus/sopc_builder/bin/perl_lib -I C:/altera/13.0sp1/quartus/sopc_builder/bin -I C:/altera/13.0sp1/quartus/../ip/altera/nios2_ip/altera_nios2/cpu_lib -I C:/altera/13.0sp1/quartus/../ip/altera/nios2_ip/altera_nios2/nios_lib -I C:/altera/13.0sp1/quartus/../ip/altera/nios2_ip/altera_nios2 -I C:/altera/13.0sp1/quartus/../ip/altera/nios2_ip/altera_nios2 -- C:/altera/13.0sp1/quartus/../ip/altera/nios2_ip/altera_nios2/generate_rtl.epl --name=v1_CPU --dir=C:/Users/secours/AppData/Local/Temp/alt0494_3173991899931447090.dir/0134_CPU_gen/ --quartus_dir=C:/altera/13.0sp1/quartus --vhdl --config=C:/Users/secours/AppData/Local/Temp/alt0494_3173991899931447090.dir/0134_CPU_gen//v1_CPU_processor_configuration.pl  --do_build_sim=1    --sim_dir=C:/Users/secours/AppData/Local/Temp/alt0494_3173991899931447090.dir/0134_CPU_gen/    --bogus  ]
Info: CPU: # 2026.02.10 15:59:56 (*) Starting Nios II generation
Info: CPU: # 2026.02.10 15:59:56 (*)   Checking for plaintext license.
Info: CPU: # 2026.02.10 16:00:13 (*)   Plaintext license not found.
Info: CPU: # 2026.02.10 16:00:13 (*)   No license required to generate encrypted Nios II/e.
Info: CPU: # 2026.02.10 16:00:13 (*)   Elaborating CPU configuration settings
Info: CPU: # 2026.02.10 16:00:13 (*)   Creating all objects for CPU
Info: CPU: # 2026.02.10 16:00:14 (*)   Creating 'C:/Users/secours/AppData/Local/Temp/alt0494_3173991899931447090.dir/0134_CPU_gen//v1_CPU_nios2_waves.do'
Info: CPU: # 2026.02.10 16:00:14 (*)   Generating RTL from CPU objects
Info: CPU: # 2026.02.10 16:00:14 (*)   Creating plain-text RTL
Info: CPU: # 2026.02.10 16:00:17 (*) Done Nios II generation
Info: CPU: Done RTL generation for module 'v1_CPU'
Info: CPU: "v1" instantiated altera_nios2_qsys "CPU"
Info: MEMOIRE: Starting RTL generation for module 'v1_MEMOIRE'
Info: MEMOIRE:   Generation command is [exec C:/altera/13.0sp1/quartus/bin/perl/bin/perl.exe -I C:/altera/13.0sp1/quartus/common/ip/altera/common/perl/5.8.3 -I C:/altera/13.0sp1/quartus/sopc_builder/bin/europa -I C:/altera/13.0sp1/quartus/sopc_builder/bin/perl_lib -I C:/altera/13.0sp1/quartus/sopc_builder/bin -I C:/altera/13.0sp1/quartus/../ip/altera/sopc_builder_ip/common -I C:/altera/13.0sp1/quartus/../ip/altera/sopc_builder_ip/altera_avalon_onchip_memory2 -- C:/altera/13.0sp1/quartus/../ip/altera/sopc_builder_ip/altera_avalon_onchip_memory2/generate_rtl.pl --name=v1_MEMOIRE --dir=C:/Users/secours/AppData/Local/Temp/alt0494_3173991899931447090.dir/0135_MEMOIRE_gen/ --quartus_dir=C:/altera/13.0sp1/quartus --vhdl --config=C:/Users/secours/AppData/Local/Temp/alt0494_3173991899931447090.dir/0135_MEMOIRE_gen//v1_MEMOIRE_component_configuration.pl  --do_build_sim=1    --sim_dir=C:/Users/secours/AppData/Local/Temp/alt0494_3173991899931447090.dir/0135_MEMOIRE_gen/  ]
Info: MEMOIRE: Done RTL generation for module 'v1_MEMOIRE'
Info: MEMOIRE: "v1" instantiated altera_avalon_onchip_memory2 "MEMOIRE"
Info: SW: Starting RTL generation for module 'v1_SW'
Info: SW:   Generation command is [exec C:/altera/13.0sp1/quartus/bin/perl/bin/perl.exe -I C:/altera/13.0sp1/quartus/common/ip/altera/common/perl/5.8.3 -I C:/altera/13.0sp1/quartus/sopc_builder/bin/europa -I C:/altera/13.0sp1/quartus/sopc_builder/bin/perl_lib -I C:/altera/13.0sp1/quartus/sopc_builder/bin -I C:/altera/13.0sp1/quartus/../ip/altera/sopc_builder_ip/common -I C:/altera/13.0sp1/quartus/../ip/altera/sopc_builder_ip/altera_avalon_pio -- C:/altera/13.0sp1/quartus/../ip/altera/sopc_builder_ip/altera_avalon_pio/generate_rtl.pl --name=v1_SW --dir=C:/Users/secours/AppData/Local/Temp/alt0494_3173991899931447090.dir/0136_SW_gen/ --quartus_dir=C:/altera/13.0sp1/quartus --vhdl --config=C:/Users/secours/AppData/Local/Temp/alt0494_3173991899931447090.dir/0136_SW_gen//v1_SW_component_configuration.pl  --do_build_sim=1    --sim_dir=C:/Users/secours/AppData/Local/Temp/alt0494_3173991899931447090.dir/0136_SW_gen/  ]
Info: SW: Done RTL generation for module 'v1_SW'
Info: SW: "v1" instantiated altera_avalon_pio "SW"
Info: LED: Starting RTL generation for module 'v1_LED'
Info: LED:   Generation command is [exec C:/altera/13.0sp1/quartus/bin/perl/bin/perl.exe -I C:/altera/13.0sp1/quartus/common/ip/altera/common/perl/5.8.3 -I C:/altera/13.0sp1/quartus/sopc_builder/bin/europa -I C:/altera/13.0sp1/quartus/sopc_builder/bin/perl_lib -I C:/altera/13.0sp1/quartus/sopc_builder/bin -I C:/altera/13.0sp1/quartus/../ip/altera/sopc_builder_ip/common -I C:/altera/13.0sp1/quartus/../ip/altera/sopc_builder_ip/altera_avalon_pio -- C:/altera/13.0sp1/quartus/../ip/altera/sopc_builder_ip/altera_avalon_pio/generate_rtl.pl --name=v1_LED --dir=C:/Users/secours/AppData/Local/Temp/alt0494_3173991899931447090.dir/0137_LED_gen/ --quartus_dir=C:/altera/13.0sp1/quartus --vhdl --config=C:/Users/secours/AppData/Local/Temp/alt0494_3173991899931447090.dir/0137_LED_gen//v1_LED_component_configuration.pl  --do_build_sim=1    --sim_dir=C:/Users/secours/AppData/Local/Temp/alt0494_3173991899931447090.dir/0137_LED_gen/  ]
Info: LED: Done RTL generation for module 'v1_LED'
Info: LED: "v1" instantiated altera_avalon_pio "LED"
Info: JTAG: Starting RTL generation for module 'v1_JTAG'
Info: JTAG:   Generation command is [exec C:/altera/13.0sp1/quartus/bin/perl/bin/perl.exe -I C:/altera/13.0sp1/quartus/common/ip/altera/common/perl/5.8.3 -I C:/altera/13.0sp1/quartus/sopc_builder/bin/europa -I C:/altera/13.0sp1/quartus/sopc_builder/bin/perl_lib -I C:/altera/13.0sp1/quartus/sopc_builder/bin -I C:/altera/13.0sp1/quartus/../ip/altera/sopc_builder_ip/common -I C:/altera/13.0sp1/quartus/../ip/altera/sopc_builder_ip/altera_avalon_jtag_uart -- C:/altera/13.0sp1/quartus/../ip/altera/sopc_builder_ip/altera_avalon_jtag_uart/generate_rtl.pl --name=v1_JTAG --dir=C:/Users/secours/AppData/Local/Temp/alt0494_3173991899931447090.dir/0138_JTAG_gen/ --quartus_dir=C:/altera/13.0sp1/quartus --vhdl --config=C:/Users/secours/AppData/Local/Temp/alt0494_3173991899931447090.dir/0138_JTAG_gen//v1_JTAG_component_configuration.pl  --do_build_sim=1    --sim_dir=C:/Users/secours/AppData/Local/Temp/alt0494_3173991899931447090.dir/0138_JTAG_gen/  ]
Info: JTAG: Done RTL generation for module 'v1_JTAG'
Info: JTAG: "v1" instantiated altera_avalon_jtag_uart "JTAG"
Info: SDRAM: Starting RTL generation for module 'v1_SDRAM'
Info: SDRAM:   Generation command is [exec C:/altera/13.0sp1/quartus/bin/perl/bin/perl.exe -I C:/altera/13.0sp1/quartus/common/ip/altera/common/perl/5.8.3 -I C:/altera/13.0sp1/quartus/sopc_builder/bin/europa -I C:/altera/13.0sp1/quartus/sopc_builder/bin/perl_lib -I C:/altera/13.0sp1/quartus/sopc_builder/bin -I C:/altera/13.0sp1/quartus/../ip/altera/sopc_builder_ip/common -I C:/altera/13.0sp1/quartus/../ip/altera/sopc_builder_ip/altera_avalon_new_sdram_controller -- C:/altera/13.0sp1/quartus/../ip/altera/sopc_builder_ip/altera_avalon_new_sdram_controller/generate_rtl.pl --name=v1_SDRAM --dir=C:/Users/secours/AppData/Local/Temp/alt0494_3173991899931447090.dir/0139_SDRAM_gen/ --quartus_dir=C:/altera/13.0sp1/quartus --vhdl --config=C:/Users/secours/AppData/Local/Temp/alt0494_3173991899931447090.dir/0139_SDRAM_gen//v1_SDRAM_component_configuration.pl  --do_build_sim=1    --sim_dir=C:/Users/secours/AppData/Local/Temp/alt0494_3173991899931447090.dir/0139_SDRAM_gen/  ]
Info: SDRAM: Done RTL generation for module 'v1_SDRAM'
Info: SDRAM: "v1" instantiated altera_avalon_new_sdram_controller "SDRAM"
Info: clocks: Starting Generation of Required Clocks for DE-Series Boards
Info: clocks: "v1" instantiated altera_up_clocks "clocks"
Info: CPU_instruction_master_translator: "v1" instantiated altera_merlin_master_translator "CPU_instruction_master_translator"
Info: CPU_jtag_debug_module_translator: "v1" instantiated altera_merlin_slave_translator "CPU_jtag_debug_module_translator"
Info: CPU_instruction_master_translator_avalon_universal_master_0_agent: "v1" instantiated altera_merlin_master_agent "CPU_instruction_master_translator_avalon_universal_master_0_agent"
Info: CPU_jtag_debug_module_translator_avalon_universal_slave_0_agent: "v1" instantiated altera_merlin_slave_agent "CPU_jtag_debug_module_translator_avalon_universal_slave_0_agent"
Info: CPU_jtag_debug_module_translator_avalon_universal_slave_0_agent_rsp_fifo: Generating VHDL simulation model
Info: CPU_jtag_debug_module_translator_avalon_universal_slave_0_agent_rsp_fifo: Generated simulation model v1_CPU_jtag_debug_module_translator_avalon_universal_slave_0_agent_rsp_fifo.vho
Info: CPU_jtag_debug_module_translator_avalon_universal_slave_0_agent_rsp_fifo: "v1" instantiated altera_avalon_sc_fifo "CPU_jtag_debug_module_translator_avalon_universal_slave_0_agent_rsp_fifo"
Info: SDRAM_s1_translator_avalon_universal_slave_0_agent_rsp_fifo: Generating VHDL simulation model
Info: SDRAM_s1_translator_avalon_universal_slave_0_agent_rsp_fifo: Generated simulation model v1_SDRAM_s1_translator_avalon_universal_slave_0_agent_rsp_fifo.vho
Info: SDRAM_s1_translator_avalon_universal_slave_0_agent_rsp_fifo: "v1" instantiated altera_avalon_sc_fifo "SDRAM_s1_translator_avalon_universal_slave_0_agent_rsp_fifo"
Info: SDRAM_s1_translator_avalon_universal_slave_0_agent_rdata_fifo: Generating VHDL simulation model
Info: SDRAM_s1_translator_avalon_universal_slave_0_agent_rdata_fifo: Generated simulation model v1_SDRAM_s1_translator_avalon_universal_slave_0_agent_rdata_fifo.vho
Info: SDRAM_s1_translator_avalon_universal_slave_0_agent_rdata_fifo: "v1" instantiated altera_avalon_sc_fifo "SDRAM_s1_translator_avalon_universal_slave_0_agent_rdata_fifo"
Error: Generation stopped, 47 or more modules remaining
Info: v1: Done v1" with 31 modules, 75 files, 3690664 bytes
Error: ip-generate failed with exit code 1: 1 Error, 56 Warnings
Info: Stopping: Create simulation model
