Flow report for lights
Mon May 18 12:09:37 2026
Quartus II 64-Bit Version 13.1.0 Build 162 10/23/2013 SJ Full Version


---------------------
; Table of Contents ;
---------------------
  1. Legal Notice
  2. Flow Summary
  3. Flow Settings
  4. Flow Non-Default Global Settings
  5. Flow Elapsed Time
  6. Flow OS Summary
  7. Flow Log
  8. Flow Messages
  9. Flow Suppressed Messages



----------------
; Legal Notice ;
----------------
Copyright (C) 1991-2013 Altera Corporation
Your use of Altera Corporation's design tools, logic functions 
and other software and tools, and its AMPP partner logic 
functions, and any output files from any of the foregoing 
(including device programming or simulation files), and any 
associated documentation or information are expressly subject 
to the terms and conditions of the Altera Program License 
Subscription Agreement, Altera MegaCore Function License 
Agreement, or other applicable license agreement, including, 
without limitation, that your use is for the sole purpose of 
programming logic devices manufactured by Altera and sold by 
Altera or its authorized distributors.  Please refer to the 
applicable agreement for further details.



+----------------------------------------------------------------------------------+
; Flow Summary                                                                     ;
+------------------------------------+---------------------------------------------+
; Flow Status                        ; Successful - Mon May 18 12:09:23 2026       ;
; Quartus II 64-Bit Version          ; 13.1.0 Build 162 10/23/2013 SJ Full Version ;
; Revision Name                      ; lights                                      ;
; Top-level Entity Name              ; lights                                      ;
; Family                             ; Cyclone IV E                                ;
; Device                             ; EP4CE22F17C6                                ;
; Timing Models                      ; Final                                       ;
; Total logic elements               ; 2,656 / 22,320 ( 12 % )                     ;
;     Total combinational functions  ; 2,366 / 22,320 ( 11 % )                     ;
;     Dedicated logic registers      ; 1,649 / 22,320 ( 7 % )                      ;
; Total registers                    ; 1718                                        ;
; Total pins                         ; 62 / 154 ( 40 % )                           ;
; Total virtual pins                 ; 0                                           ;
; Total memory bits                  ; 44,032 / 608,256 ( 7 % )                    ;
; Embedded Multiplier 9-bit elements ; 0 / 132 ( 0 % )                             ;
; Total PLLs                         ; 1 / 4 ( 25 % )                              ;
+------------------------------------+---------------------------------------------+


+-----------------------------------------+
; Flow Settings                           ;
+-------------------+---------------------+
; Option            ; Setting             ;
+-------------------+---------------------+
; Start date & time ; 05/18/2026 12:07:18 ;
; Main task         ; Compilation         ;
; Revision Name     ; lights              ;
+-------------------+---------------------+


+------------------------------------------------------------------------------------------------------------------------+
; Flow Non-Default Global Settings                                                                                       ;
+-------------------------------------+--------------------------------+---------------+--------------------+------------+
; Assignment Name                     ; Value                          ; Default Value ; Entity Name        ; Section Id ;
+-------------------------------------+--------------------------------+---------------+--------------------+------------+
; COMPILER_SIGNATURE_ID               ; 35775010213750.177909883815576 ; --            ; --                 ; --         ;
; MAX_CORE_JUNCTION_TEMP              ; 85                             ; --            ; --                 ; --         ;
; MIN_CORE_JUNCTION_TEMP              ; 0                              ; --            ; --                 ; --         ;
; PARTITION_COLOR                     ; 16764057                       ; --            ; DE0_NANO_SMART_CAR ; Top        ;
; PARTITION_COLOR                     ; 16764057                       ; --            ; --                 ; Top        ;
; PARTITION_FITTER_PRESERVATION_LEVEL ; PLACEMENT_AND_ROUTING          ; --            ; DE0_NANO_SMART_CAR ; Top        ;
; PARTITION_FITTER_PRESERVATION_LEVEL ; PLACEMENT_AND_ROUTING          ; --            ; --                 ; Top        ;
; PARTITION_NETLIST_TYPE              ; SOURCE                         ; --            ; DE0_NANO_SMART_CAR ; Top        ;
; PARTITION_NETLIST_TYPE              ; SOURCE                         ; --            ; --                 ; Top        ;
; PROJECT_OUTPUT_DIRECTORY            ; output_files                   ; --            ; --                 ; --         ;
+-------------------------------------+--------------------------------+---------------+--------------------+------------+


+-------------------------------------------------------------------------------------------------------------------------------+
; Flow Elapsed Time                                                                                                             ;
+---------------------------+--------------+-------------------------+---------------------+------------------------------------+
; Module Name               ; Elapsed Time ; Average Processors Used ; Peak Virtual Memory ; Total CPU Time (on all processors) ;
+---------------------------+--------------+-------------------------+---------------------+------------------------------------+
; Analysis & Synthesis      ; 00:01:13     ; 1.0                     ; 4770 MB             ; 00:01:04                           ;
; Fitter                    ; 00:00:33     ; 1.0                     ; 5120 MB             ; 00:00:29                           ;
; Assembler                 ; 00:00:06     ; 1.0                     ; 4603 MB             ; 00:00:05                           ;
; TimeQuest Timing Analyzer ; 00:00:10     ; 1.0                     ; 4706 MB             ; 00:00:08                           ;
; Total                     ; 00:02:02     ; --                      ; --                  ; 00:01:46                           ;
+---------------------------+--------------+-------------------------+---------------------+------------------------------------+


+----------------------------------------------------------------------------------------+
; Flow OS Summary                                                                        ;
+---------------------------+------------------+-----------+------------+----------------+
; Module Name               ; Machine Hostname ; OS Name   ; OS Version ; Processor type ;
+---------------------------+------------------+-----------+------------+----------------+
; Analysis & Synthesis      ; DESKTOP-SQD8RIJ  ; Windows 7 ; 6.2        ; x86_64         ;
; Fitter                    ; DESKTOP-SQD8RIJ  ; Windows 7 ; 6.2        ; x86_64         ;
; Assembler                 ; DESKTOP-SQD8RIJ  ; Windows 7 ; 6.2        ; x86_64         ;
; TimeQuest Timing Analyzer ; DESKTOP-SQD8RIJ  ; Windows 7 ; 6.2        ; x86_64         ;
+---------------------------+------------------+-----------+------------+----------------+


------------
; Flow Log ;
------------
quartus_map --read_settings_files=on --write_settings_files=off lights -c lights
quartus_fit --read_settings_files=off --write_settings_files=off lights -c lights
quartus_asm --read_settings_files=off --write_settings_files=off lights -c lights
quartus_sta lights -c lights



